-------------------------------------------------------------------------------
Test set: org.lamisplus.modules.patient.DemoApplicationTests
-------------------------------------------------------------------------------
Tests run: 1, Failures: 0, Errors: 1, Skipped: 0, Time elapsed: 5.012 s <<< FAILURE! - in org.lamisplus.modules.patient.DemoApplicationTests
contextLoads(org.lamisplus.modules.patient.DemoApplicationTests)  Time elapsed: 0.001 s  <<< ERROR!
java.lang.IllegalStateException: Failed to load ApplicationContext
Caused by: org.springframework.beans.factory.UnsatisfiedDependencyException: Error creating bean with name 'countryResources' defined in file [/Users/alexanderalozie/Documents/lamis-patient/target/classes/org/lamisplus/modules/patient/res/CountryResources.class]: Unsatisfied dependency expressed through constructor parameter 0; nested exception is org.springframework.beans.factory.NoSuchBeanDefinitionException: No qualifying bean of type 'org.lamisplus.modules.patient.domain.repositories.CountriesRepository' available: expected at least 1 bean which qualifies as autowire candidate. Dependency annotations: {}
Caused by: org.springframework.beans.factory.NoSuchBeanDefinitionException: No qualifying bean of type 'org.lamisplus.modules.patient.domain.repositories.CountriesRepository' available: expected at least 1 bean which qualifies as autowire candidate. Dependency annotations: {}

