<?xml version="1.0" encoding="UTF-8"?>
<testsuite xmlns:xsi="http://www.w3.org/2001/XMLSchema-instance" xsi:noNamespaceSchemaLocation="https://maven.apache.org/surefire/maven-surefire-plugin/xsd/surefire-test-report.xsd" name="org.lamisplus.modules.patient.DemoApplicationTests" time="5.012" tests="1" errors="1" skipped="0" failures="0">
  <properties>
[...]
</properties>
  <testcase name="contextLoads" classname="org.lamisplus.modules.patient.DemoApplicationTests" time="0.001">
    <error message="Failed to load ApplicationContext" type="java.lang.IllegalStateException">java.lang.IllegalStateException: Failed to load ApplicationContext
Caused by: org.springframework.beans.factory.UnsatisfiedDependencyException: Error creating bean with name 'countryResources' defined in file [/Users/alexanderalozie/Documents/lamis-patient/target/classes/org/lamisplus/modules/patient/res/CountryResources.class]: Unsatisfied dependency expressed through constructor parameter 0; nested exception is org.springframework.beans.factory.NoSuchBeanDefinitionException: No qualifying bean of type 'org.lamisplus.modules.patient.domain.repositories.CountriesRepository' available: expected at least 1 bean which qualifies as autowire candidate. Dependency annotations: {}
Caused by: org.springframework.beans.factory.NoSuchBeanDefinitionException: No qualifying bean of type 'org.lamisplus.modules.patient.domain.repositories.CountriesRepository' available: expected at least 1 bean which qualifies as autowire candidate. Dependency annotations: {}
</error>
    <system-out><![CDATA[11:35:03.489 [main] DEBUG org.springframework.test.context.junit4.SpringJUnit4ClassRunner - SpringJUnit4ClassRunner constructor called with [class org.lamisplus.modules.patient.DemoApplicationTests]
11:35:03.495 [main] DEBUG org.springframework.test.context.BootstrapUtils - Instantiating CacheAwareContextLoaderDelegate from class [org.springframework.test.context.cache.DefaultCacheAwareContextLoaderDelegate]
11:35:03.508 [main] DEBUG org.springframework.test.context.BootstrapUtils - Instantiating BootstrapContext using constructor [public org.springframework.test.context.support.DefaultBootstrapContext(java.lang.Class,org.springframework.test.context.CacheAwareContextLoaderDelegate)]
11:35:03.532 [main] DEBUG org.springframework.test.context.BootstrapUtils - Instantiating TestContextBootstrapper for test class [org.lamisplus.modules.patient.DemoApplicationTests] from class [org.springframework.boot.test.context.SpringBootTestContextBootstrapper]
11:35:03.545 [main] INFO org.springframework.boot.test.context.SpringBootTestContextBootstrapper - Neither @ContextConfiguration nor @ContextHierarchy found for test class [org.lamisplus.modules.patient.DemoApplicationTests], using SpringBootContextLoader
11:35:03.549 [main] DEBUG org.springframework.test.context.support.AbstractContextLoader - Did not detect default resource location for test class [org.lamisplus.modules.patient.DemoApplicationTests]: class path resource [org/lamisplus/modules/patient/DemoApplicationTests-context.xml] does not exist
11:35:03.549 [main] DEBUG org.springframework.test.context.support.AbstractContextLoader - Did not detect default resource location for test class [org.lamisplus.modules.patient.DemoApplicationTests]: class path resource [org/lamisplus/modules/patient/DemoApplicationTestsContext.groovy] does not exist
11:35:03.549 [main] INFO org.springframework.test.context.support.AbstractContextLoader - Could not detect default resource locations for test class [org.lamisplus.modules.patient.DemoApplicationTests]: no resource found for suffixes {-context.xml, Context.groovy}.
11:35:03.550 [main] INFO org.springframework.test.context.support.AnnotationConfigContextLoaderUtils - Could not detect default configuration classes for test class [org.lamisplus.modules.patient.DemoApplicationTests]: DemoApplicationTests does not declare any static, non-private, non-final, nested classes annotated with @Configuration.
11:35:03.596 [main] DEBUG org.springframework.test.context.support.ActiveProfilesUtils - Could not find an 'annotation declaring class' for annotation type [org.springframework.test.context.ActiveProfiles] and class [org.lamisplus.modules.patient.DemoApplicationTests]
11:35:03.680 [main] DEBUG org.springframework.context.annotation.ClassPathScanningCandidateComponentProvider - Identified candidate component class: file [/Users/alexanderalozie/Documents/lamis-patient/target/classes/org/lamisplus/modules/patient/LamisPatientModule.class]
11:35:03.681 [main] INFO org.springframework.boot.test.context.SpringBootTestContextBootstrapper - Found @SpringBootConfiguration org.lamisplus.modules.patient.LamisPatientModule for test class org.lamisplus.modules.patient.DemoApplicationTests
11:35:03.811 [main] DEBUG org.springframework.boot.test.context.SpringBootTestContextBootstrapper - @TestExecutionListeners is not present for class [org.lamisplus.modules.patient.DemoApplicationTests]: using defaults.
11:35:03.812 [main] INFO org.springframework.boot.test.context.SpringBootTestContextBootstrapper - Loaded default TestExecutionListener class names from location [META-INF/spring.factories]: [org.springframework.boot.test.mock.mockito.MockitoTestExecutionListener, org.springframework.boot.test.mock.mockito.ResetMocksTestExecutionListener, org.springframework.boot.test.autoconfigure.restdocs.RestDocsTestExecutionListener, org.springframework.boot.test.autoconfigure.web.client.MockRestServiceServerResetTestExecutionListener, org.springframework.boot.test.autoconfigure.web.servlet.MockMvcPrintOnlyOnFailureTestExecutionListener, org.springframework.boot.test.autoconfigure.web.servlet.WebDriverTestExecutionListener, org.springframework.test.context.web.ServletTestExecutionListener, org.springframework.test.context.support.DirtiesContextBeforeModesTestExecutionListener, org.springframework.test.context.support.DependencyInjectionTestExecutionListener, org.springframework.test.context.support.DirtiesContextTestExecutionListener, org.springframework.test.context.transaction.TransactionalTestExecutionListener, org.springframework.test.context.jdbc.SqlScriptsTestExecutionListener]
11:35:03.830 [main] INFO org.springframework.boot.test.context.SpringBootTestContextBootstrapper - Using TestExecutionListeners: [org.springframework.test.context.web.ServletTestExecutionListener@217ed35e, org.springframework.test.context.support.DirtiesContextBeforeModesTestExecutionListener@7dcf94f8, org.springframework.boot.test.mock.mockito.MockitoTestExecutionListener@229f66ed, org.springframework.boot.test.autoconfigure.SpringBootDependencyInjectionTestExecutionListener@31190526, org.springframework.test.context.support.DirtiesContextTestExecutionListener@662ac478, org.springframework.test.context.transaction.TransactionalTestExecutionListener@6743e411, org.springframework.test.context.jdbc.SqlScriptsTestExecutionListener@3eb25e1a, org.springframework.boot.test.mock.mockito.ResetMocksTestExecutionListener@477b4cdf, org.springframework.boot.test.autoconfigure.restdocs.RestDocsTestExecutionListener@77c2494c, org.springframework.boot.test.autoconfigure.web.client.MockRestServiceServerResetTestExecutionListener@f5958c9, org.springframework.boot.test.autoconfigure.web.servlet.MockMvcPrintOnlyOnFailureTestExecutionListener@233795b6, org.springframework.boot.test.autoconfigure.web.servlet.WebDriverTestExecutionListener@3eb738bb]
11:35:03.832 [main] DEBUG org.springframework.test.annotation.ProfileValueUtils - Retrieved @ProfileValueSourceConfiguration [null] for test class [org.lamisplus.modules.patient.DemoApplicationTests]
11:35:03.832 [main] DEBUG org.springframework.test.annotation.ProfileValueUtils - Retrieved ProfileValueSource type [class org.springframework.test.annotation.SystemProfileValueSource] for class [org.lamisplus.modules.patient.DemoApplicationTests]
11:35:03.833 [main] DEBUG org.springframework.test.annotation.ProfileValueUtils - Retrieved @ProfileValueSourceConfiguration [null] for test class [org.lamisplus.modules.patient.DemoApplicationTests]
11:35:03.834 [main] DEBUG org.springframework.test.annotation.ProfileValueUtils - Retrieved ProfileValueSource type [class org.springframework.test.annotation.SystemProfileValueSource] for class [org.lamisplus.modules.patient.DemoApplicationTests]
11:35:03.834 [main] DEBUG org.springframework.test.annotation.ProfileValueUtils - Retrieved @ProfileValueSourceConfiguration [null] for test class [org.lamisplus.modules.patient.DemoApplicationTests]
11:35:03.834 [main] DEBUG org.springframework.test.annotation.ProfileValueUtils - Retrieved ProfileValueSource type [class org.springframework.test.annotation.SystemProfileValueSource] for class [org.lamisplus.modules.patient.DemoApplicationTests]
11:35:03.837 [main] DEBUG org.springframework.test.context.support.AbstractDirtiesContextTestExecutionListener - Before test class: context [DefaultTestContext@fbd1f6 testClass = DemoApplicationTests, testInstance = [null], testMethod = [null], testException = [null], mergedContextConfiguration = [WebMergedContextConfiguration@1ce24091 testClass = DemoApplicationTests, locations = '{}', classes = '{class org.lamisplus.modules.patient.LamisPatientModule}', contextInitializerClasses = '[]', activeProfiles = '{}', propertySourceLocations = '{}', propertySourceProperties = '{org.springframework.boot.test.context.SpringBootTestContextBootstrapper=true}', contextCustomizers = set[org.springframework.boot.test.context.filter.ExcludeFilterContextCustomizer@76a3e297, org.springframework.boot.test.json.DuplicateJsonObjectContextCustomizerFactory$DuplicateJsonObjectContextCustomizer@6121c9d6, org.springframework.boot.test.mock.mockito.MockitoContextCustomizer@0, org.springframework.boot.test.web.client.TestRestTemplateContextCustomizer@553a3d88, org.springframework.boot.test.autoconfigure.properties.PropertyMappingContextCustomizer@0, org.springframework.boot.test.autoconfigure.web.servlet.WebDriverContextCustomizerFactory$Customizer@12c8a2c0], resourceBasePath = 'src/main/webapp', contextLoader = 'org.springframework.boot.test.context.SpringBootContextLoader', parent = [null]], attributes = map['org.springframework.test.context.web.ServletTestExecutionListener.activateListener' -> true]], class annotated with @DirtiesContext [false] with mode [null].
11:35:03.838 [main] DEBUG org.springframework.test.annotation.ProfileValueUtils - Retrieved @ProfileValueSourceConfiguration [null] for test class [org.lamisplus.modules.patient.DemoApplicationTests]
11:35:03.838 [main] DEBUG org.springframework.test.annotation.ProfileValueUtils - Retrieved ProfileValueSource type [class org.springframework.test.annotation.SystemProfileValueSource] for class [org.lamisplus.modules.patient.DemoApplicationTests]
11:35:03.856 [main] DEBUG org.springframework.test.context.support.TestPropertySourceUtils - Adding inlined properties to environment: {spring.jmx.enabled=false, org.springframework.boot.test.context.SpringBootTestContextBootstrapper=true, server.port=-1}

  .   ____          _            __ _ _
 /\\ / ___'_ __ _ _(_)_ __  __ _ \ \ \ \
( ( )\___ | '_ | '_| | '_ \/ _` | \ \ \ \
 \\/  ___)| |_)| | | | | || (_| |  ) ) ) )
  '  |____| .__|_| |_|_| |_\__, | / / / /
 =========|_|==============|___/=/_/_/_/
 :: Spring Boot ::        (v2.1.5.RELEASE)

2019-12-27 11:35:04.093  INFO 13615 --- [           main] o.l.m.patient.DemoApplicationTests       : Starting DemoApplicationTests on Alexanders-MBP with PID 13615 (started by alexanderalozie in /Users/alexanderalozie/Documents/lamis-patient)
2019-12-27 11:35:04.095  INFO 13615 --- [           main] o.l.m.patient.DemoApplicationTests       : No active profile set, falling back to default profiles: default
2019-12-27 11:35:04.872  INFO 13615 --- [           main] .s.d.r.c.RepositoryConfigurationDelegate : Bootstrapping Spring Data repositories in DEFAULT mode.
2019-12-27 11:35:04.941  INFO 13615 --- [           main] .s.d.r.c.RepositoryConfigurationDelegate : Finished Spring Data repository scanning in 62ms. Found 1 repository interfaces.
2019-12-27 11:35:04.945  INFO 13615 --- [           main] .s.d.r.c.RepositoryConfigurationDelegate : Bootstrapping Spring Data repositories in DEFAULT mode.
2019-12-27 11:35:05.028  INFO 13615 --- [           main] .s.d.r.c.RepositoryConfigurationDelegate : Finished Spring Data repository scanning in 78ms. Found 17 repository interfaces.
2019-12-27 11:35:05.186  INFO 13615 --- [           main] .s.d.r.c.RepositoryConfigurationDelegate : Bootstrapping Spring Data repositories in DEFAULT mode.
2019-12-27 11:35:05.220  INFO 13615 --- [           main] .s.d.r.c.RepositoryConfigurationDelegate : Finished Spring Data repository scanning in 34ms. Found 17 repository interfaces.
2019-12-27 11:35:05.620  INFO 13615 --- [           main] trationDelegate$BeanPostProcessorChecker : Bean 'org.springframework.transaction.annotation.ProxyTransactionManagementConfiguration' of type [org.springframework.transaction.annotation.ProxyTransactionManagementConfiguration$$EnhancerBySpringCGLIB$$3a86c9d4] is not eligible for getting processed by all BeanPostProcessors (for example: not eligible for auto-proxying)
2019-12-27 11:35:05.846  INFO 13615 --- [           main] com.zaxxer.hikari.HikariDataSource       : HikariPool-1 - Starting...
2019-12-27 11:35:05.850  WARN 13615 --- [           main] com.zaxxer.hikari.util.DriverDataSource  : Registered driver with driverClassName=com.mysql.jdbc.Driver was not found, trying direct instantiation.
2019-12-27 11:35:06.324  INFO 13615 --- [           main] com.zaxxer.hikari.HikariDataSource       : HikariPool-1 - Start completed.
2019-12-27 11:35:06.399  INFO 13615 --- [           main] o.hibernate.jpa.internal.util.LogHelper  : HHH000204: Processing PersistenceUnitInfo [
	name: default
	...]
2019-12-27 11:35:06.496  INFO 13615 --- [           main] org.hibernate.Version                    : HHH000412: Hibernate Core {5.3.10.Final}
2019-12-27 11:35:06.497  INFO 13615 --- [           main] org.hibernate.cfg.Environment            : HHH000206: hibernate.properties not found
2019-12-27 11:35:06.671  INFO 13615 --- [           main] o.hibernate.annotations.common.Version   : HCANN000001: Hibernate Commons Annotations {5.0.4.Final}
2019-12-27 11:35:06.806  INFO 13615 --- [           main] org.hibernate.dialect.Dialect            : HHH000400: Using dialect: org.hibernate.dialect.MySQL5InnoDBDialect
2019-12-27 11:35:08.221  INFO 13615 --- [           main] j.LocalContainerEntityManagerFactoryBean : Initialized JPA EntityManagerFactory for persistence unit 'default'
2019-12-27 11:35:08.242  WARN 13615 --- [           main] o.s.w.c.s.GenericWebApplicationContext   : Exception encountered during context initialization - cancelling refresh attempt: org.springframework.beans.factory.UnsatisfiedDependencyException: Error creating bean with name 'countryResources' defined in file [/Users/alexanderalozie/Documents/lamis-patient/target/classes/org/lamisplus/modules/patient/res/CountryResources.class]: Unsatisfied dependency expressed through constructor parameter 0; nested exception is org.springframework.beans.factory.NoSuchBeanDefinitionException: No qualifying bean of type 'org.lamisplus.modules.patient.domain.repositories.CountriesRepository' available: expected at least 1 bean which qualifies as autowire candidate. Dependency annotations: {}
Related cause: org.springframework.beans.factory.BeanCreationException: Error creating bean with name 'patientSearchRepository': Could not resolve matching constructor (hint: specify index/type/name arguments for simple parameters to avoid type ambiguities)
Related cause: org.springframework.beans.factory.BeanCreationException: Error creating bean with name 'identifierTypesRepository': Could not resolve matching constructor (hint: specify index/type/name arguments for simple parameters to avoid type ambiguities)
Related cause: org.springframework.beans.factory.BeanCreationException: Error creating bean with name 'servicesRepository': Could not resolve matching constructor (hint: specify index/type/name arguments for simple parameters to avoid type ambiguities)
Related cause: org.springframework.beans.factory.BeanCreationException: Error creating bean with name 'personRepository': Could not resolve matching constructor (hint: specify index/type/name arguments for simple parameters to avoid type ambiguities)
Related cause: org.springframework.beans.factory.BeanCreationException: Error creating bean with name 'countriesRepository': Could not resolve matching constructor (hint: specify index/type/name arguments for simple parameters to avoid type ambiguities)
Related cause: org.springframework.beans.factory.BeanCreationException: Error creating bean with name 'personRelativeRepository': Could not resolve matching constructor (hint: specify index/type/name arguments for simple parameters to avoid type ambiguities)
Related cause: org.springframework.beans.factory.BeanCreationException: Error creating bean with name 'stateRepository': Could not resolve matching constructor (hint: specify index/type/name arguments for simple parameters to avoid type ambiguities)
Related cause: org.springframework.beans.factory.BeanCreationException: Error creating bean with name 'personContactsRepository': Could not resolve matching constructor (hint: specify index/type/name arguments for simple parameters to avoid type ambiguities)
Related cause: org.springframework.beans.factory.BeanCreationException: Error creating bean with name 'patientRepository': Could not resolve matching constructor (hint: specify index/type/name arguments for simple parameters to avoid type ambiguities)
Related cause: org.springframework.beans.factory.BeanCreationException: Error creating bean with name 'provinceRepository': Could not resolve matching constructor (hint: specify index/type/name arguments for simple parameters to avoid type ambiguities)
Related cause: org.springframework.beans.factory.BeanCreationException: Error creating bean with name 'patientEncounterRepository': Could not resolve matching constructor (hint: specify index/type/name arguments for simple parameters to avoid type ambiguities)
Related cause: org.springframework.beans.factory.BeanCreationException: Error creating bean with name 'addressRepository': Could not resolve matching constructor (hint: specify index/type/name arguments for simple parameters to avoid type ambiguities)
Related cause: org.springframework.beans.factory.BeanCreationException: Error creating bean with name 'moduleRepository': Could not resolve matching constructor (hint: specify index/type/name arguments for simple parameters to avoid type ambiguities)
Related cause: org.springframework.beans.factory.BeanCreationException: Error creating bean with name 'patientServicesEnrollmentRepository': Could not resolve matching constructor (hint: specify index/type/name arguments for simple parameters to avoid type ambiguities)
Related cause: org.springframework.beans.factory.BeanCreationException: Error creating bean with name 'patientVisitRepository': Could not resolve matching constructor (hint: specify index/type/name arguments for simple parameters to avoid type ambiguities)
Related cause: org.springframework.beans.factory.BeanCreationException: Error creating bean with name 'selectOptionRepository': Could not resolve matching constructor (hint: specify index/type/name arguments for simple parameters to avoid type ambiguities)
Related cause: org.springframework.beans.factory.BeanCreationException: Error creating bean with name 'serviceFormRepository': Could not resolve matching constructor (hint: specify index/type/name arguments for simple parameters to avoid type ambiguities)
2019-12-27 11:35:08.242  INFO 13615 --- [           main] j.LocalContainerEntityManagerFactoryBean : Closing JPA EntityManagerFactory for persistence unit 'default'
2019-12-27 11:35:08.244  INFO 13615 --- [           main] com.zaxxer.hikari.HikariDataSource       : HikariPool-1 - Shutdown initiated...
2019-12-27 11:35:08.248  INFO 13615 --- [           main] com.zaxxer.hikari.HikariDataSource       : HikariPool-1 - Shutdown completed.
2019-12-27 11:35:08.255  INFO 13615 --- [           main] ConditionEvaluationReportLoggingListener : 

Error starting ApplicationContext. To display the conditions report re-run your application with 'debug' enabled.
2019-12-27 11:35:08.348 ERROR 13615 --- [           main] o.s.b.d.LoggingFailureAnalysisReporter   : 

***************************
APPLICATION FAILED TO START
***************************

Description:

Parameter 0 of constructor in org.lamisplus.modules.patient.res.CountryResources required a bean of type 'org.lamisplus.modules.patient.domain.repositories.CountriesRepository' that could not be found.


Action:

Consider defining a bean of type 'org.lamisplus.modules.patient.domain.repositories.CountriesRepository' in your configuration.

2019-12-27 11:35:08.353 ERROR 13615 --- [           main] o.s.test.context.TestContextManager      : Caught exception while allowing TestExecutionListener [org.springframework.test.context.web.ServletTestExecutionListener@217ed35e] to prepare test instance [org.lamisplus.modules.patient.DemoApplicationTests@7b795db7]

java.lang.IllegalStateException: Failed to load ApplicationContext
	at org.springframework.test.context.cache.DefaultCacheAwareContextLoaderDelegate.loadContext(DefaultCacheAwareContextLoaderDelegate.java:125) ~[spring-test-5.1.7.RELEASE.jar:5.1.7.RELEASE]
	at org.springframework.test.context.support.DefaultTestContext.getApplicationContext(DefaultTestContext.java:108) ~[spring-test-5.1.7.RELEASE.jar:5.1.7.RELEASE]
	at org.springframework.test.context.web.ServletTestExecutionListener.setUpRequestContextIfNecessary(ServletTestExecutionListener.java:190) ~[spring-test-5.1.7.RELEASE.jar:5.1.7.RELEASE]
	at org.springframework.test.context.web.ServletTestExecutionListener.prepareTestInstance(ServletTestExecutionListener.java:132) ~[spring-test-5.1.7.RELEASE.jar:5.1.7.RELEASE]
	at org.springframework.test.context.TestContextManager.prepareTestInstance(TestContextManager.java:246) ~[spring-test-5.1.7.RELEASE.jar:5.1.7.RELEASE]
	at org.springframework.test.context.junit4.SpringJUnit4ClassRunner.createTest(SpringJUnit4ClassRunner.java:227) [spring-test-5.1.7.RELEASE.jar:5.1.7.RELEASE]
	at org.springframework.test.context.junit4.SpringJUnit4ClassRunner$1.runReflectiveCall(SpringJUnit4ClassRunner.java:289) [spring-test-5.1.7.RELEASE.jar:5.1.7.RELEASE]
	at org.junit.internal.runners.model.ReflectiveCallable.run(ReflectiveCallable.java:12) [junit-4.12.jar:4.12]
	at org.springframework.test.context.junit4.SpringJUnit4ClassRunner.methodBlock(SpringJUnit4ClassRunner.java:291) [spring-test-5.1.7.RELEASE.jar:5.1.7.RELEASE]
	at org.springframework.test.context.junit4.SpringJUnit4ClassRunner.runChild(SpringJUnit4ClassRunner.java:246) [spring-test-5.1.7.RELEASE.jar:5.1.7.RELEASE]
	at org.springframework.test.context.junit4.SpringJUnit4ClassRunner.runChild(SpringJUnit4ClassRunner.java:97) [spring-test-5.1.7.RELEASE.jar:5.1.7.RELEASE]
	at org.junit.runners.ParentRunner$3.run(ParentRunner.java:290) [junit-4.12.jar:4.12]
	at org.junit.runners.ParentRunner$1.schedule(ParentRunner.java:71) [junit-4.12.jar:4.12]
	at org.junit.runners.ParentRunner.runChildren(ParentRunner.java:288) [junit-4.12.jar:4.12]
	at org.junit.runners.ParentRunner.access$000(ParentRunner.java:58) [junit-4.12.jar:4.12]
	at org.junit.runners.ParentRunner$2.evaluate(ParentRunner.java:268) [junit-4.12.jar:4.12]
	at org.springframework.test.context.junit4.statements.RunBeforeTestClassCallbacks.evaluate(RunBeforeTestClassCallbacks.java:61) [spring-test-5.1.7.RELEASE.jar:5.1.7.RELEASE]
	at org.springframework.test.context.junit4.statements.RunAfterTestClassCallbacks.evaluate(RunAfterTestClassCallbacks.java:70) [spring-test-5.1.7.RELEASE.jar:5.1.7.RELEASE]
	at org.junit.runners.ParentRunner.run(ParentRunner.java:363) [junit-4.12.jar:4.12]
	at org.springframework.test.context.junit4.SpringJUnit4ClassRunner.run(SpringJUnit4ClassRunner.java:190) [spring-test-5.1.7.RELEASE.jar:5.1.7.RELEASE]
	at org.apache.maven.surefire.junit4.JUnit4Provider.execute(JUnit4Provider.java:365) [surefire-junit4-2.22.1.jar:2.22.1]
	at org.apache.maven.surefire.junit4.JUnit4Provider.executeWithRerun(JUnit4Provider.java:273) [surefire-junit4-2.22.1.jar:2.22.1]
	at org.apache.maven.surefire.junit4.JUnit4Provider.executeTestSet(JUnit4Provider.java:238) [surefire-junit4-2.22.1.jar:2.22.1]
	at org.apache.maven.surefire.junit4.JUnit4Provider.invoke(JUnit4Provider.java:159) [surefire-junit4-2.22.1.jar:2.22.1]
	at org.apache.maven.surefire.booter.ForkedBooter.invokeProviderInSameClassLoader(ForkedBooter.java:384) [surefire-booter-2.22.1.jar:2.22.1]
	at org.apache.maven.surefire.booter.ForkedBooter.runSuitesInProcess(ForkedBooter.java:345) [surefire-booter-2.22.1.jar:2.22.1]
	at org.apache.maven.surefire.booter.ForkedBooter.execute(ForkedBooter.java:126) [surefire-booter-2.22.1.jar:2.22.1]
	at org.apache.maven.surefire.booter.ForkedBooter.main(ForkedBooter.java:418) [surefire-booter-2.22.1.jar:2.22.1]
Caused by: org.springframework.beans.factory.UnsatisfiedDependencyException: Error creating bean with name 'countryResources' defined in file [/Users/alexanderalozie/Documents/lamis-patient/target/classes/org/lamisplus/modules/patient/res/CountryResources.class]: Unsatisfied dependency expressed through constructor parameter 0; nested exception is org.springframework.beans.factory.NoSuchBeanDefinitionException: No qualifying bean of type 'org.lamisplus.modules.patient.domain.repositories.CountriesRepository' available: expected at least 1 bean which qualifies as autowire candidate. Dependency annotations: {}
	at org.springframework.beans.factory.support.ConstructorResolver.createArgumentArray(ConstructorResolver.java:769) ~[spring-beans-5.1.7.RELEASE.jar:5.1.7.RELEASE]
	at org.springframework.beans.factory.support.ConstructorResolver.autowireConstructor(ConstructorResolver.java:218) ~[spring-beans-5.1.7.RELEASE.jar:5.1.7.RELEASE]
	at org.springframework.beans.factory.support.AbstractAutowireCapableBeanFactory.autowireConstructor(AbstractAutowireCapableBeanFactory.java:1341) ~[spring-beans-5.1.7.RELEASE.jar:5.1.7.RELEASE]
	at org.springframework.beans.factory.support.AbstractAutowireCapableBeanFactory.createBeanInstance(AbstractAutowireCapableBeanFactory.java:1187) ~[spring-beans-5.1.7.RELEASE.jar:5.1.7.RELEASE]
	at org.springframework.beans.factory.support.AbstractAutowireCapableBeanFactory.doCreateBean(AbstractAutowireCapableBeanFactory.java:555) ~[spring-beans-5.1.7.RELEASE.jar:5.1.7.RELEASE]
	at org.springframework.beans.factory.support.AbstractAutowireCapableBeanFactory.createBean(AbstractAutowireCapableBeanFactory.java:515) ~[spring-beans-5.1.7.RELEASE.jar:5.1.7.RELEASE]
	at org.springframework.beans.factory.support.AbstractBeanFactory.lambda$doGetBean$0(AbstractBeanFactory.java:320) ~[spring-beans-5.1.7.RELEASE.jar:5.1.7.RELEASE]
	at org.springframework.beans.factory.support.DefaultSingletonBeanRegistry.getSingleton(DefaultSingletonBeanRegistry.java:222) ~[spring-beans-5.1.7.RELEASE.jar:5.1.7.RELEASE]
	at org.springframework.beans.factory.support.AbstractBeanFactory.doGetBean(AbstractBeanFactory.java:318) ~[spring-beans-5.1.7.RELEASE.jar:5.1.7.RELEASE]
	at org.springframework.beans.factory.support.AbstractBeanFactory.getBean(AbstractBeanFactory.java:199) ~[spring-beans-5.1.7.RELEASE.jar:5.1.7.RELEASE]
	at org.springframework.beans.factory.support.DefaultListableBeanFactory.preInstantiateSingletons(DefaultListableBeanFactory.java:843) ~[spring-beans-5.1.7.RELEASE.jar:5.1.7.RELEASE]
	at org.springframework.context.support.AbstractApplicationContext.finishBeanFactoryInitialization(AbstractApplicationContext.java:877) ~[spring-context-5.1.7.RELEASE.jar:5.1.7.RELEASE]
	at org.springframework.context.support.AbstractApplicationContext.refresh(AbstractApplicationContext.java:549) ~[spring-context-5.1.7.RELEASE.jar:5.1.7.RELEASE]
	at org.springframework.boot.SpringApplication.refresh(SpringApplication.java:775) ~[spring-boot-2.1.5.RELEASE.jar:2.1.5.RELEASE]
	at org.springframework.boot.SpringApplication.refreshContext(SpringApplication.java:397) ~[spring-boot-2.1.5.RELEASE.jar:2.1.5.RELEASE]
	at org.springframework.boot.SpringApplication.run(SpringApplication.java:316) ~[spring-boot-2.1.5.RELEASE.jar:2.1.5.RELEASE]
	at org.springframework.boot.test.context.SpringBootContextLoader.loadContext(SpringBootContextLoader.java:127) ~[spring-boot-test-2.1.5.RELEASE.jar:2.1.5.RELEASE]
	at org.springframework.test.context.cache.DefaultCacheAwareContextLoaderDelegate.loadContextInternal(DefaultCacheAwareContextLoaderDelegate.java:99) ~[spring-test-5.1.7.RELEASE.jar:5.1.7.RELEASE]
	at org.springframework.test.context.cache.DefaultCacheAwareContextLoaderDelegate.loadContext(DefaultCacheAwareContextLoaderDelegate.java:117) ~[spring-test-5.1.7.RELEASE.jar:5.1.7.RELEASE]
	... 27 common frames omitted
Caused by: org.springframework.beans.factory.NoSuchBeanDefinitionException: No qualifying bean of type 'org.lamisplus.modules.patient.domain.repositories.CountriesRepository' available: expected at least 1 bean which qualifies as autowire candidate. Dependency annotations: {}
	at org.springframework.beans.factory.support.DefaultListableBeanFactory.raiseNoMatchingBeanFound(DefaultListableBeanFactory.java:1655) ~[spring-beans-5.1.7.RELEASE.jar:5.1.7.RELEASE]
	at org.springframework.beans.factory.support.DefaultListableBeanFactory.doResolveDependency(DefaultListableBeanFactory.java:1214) ~[spring-beans-5.1.7.RELEASE.jar:5.1.7.RELEASE]
	at org.springframework.beans.factory.support.DefaultListableBeanFactory.resolveDependency(DefaultListableBeanFactory.java:1168) ~[spring-beans-5.1.7.RELEASE.jar:5.1.7.RELEASE]
	at org.springframework.beans.factory.support.ConstructorResolver.resolveAutowiredArgument(ConstructorResolver.java:857) ~[spring-beans-5.1.7.RELEASE.jar:5.1.7.RELEASE]
	at org.springframework.beans.factory.support.ConstructorResolver.createArgumentArray(ConstructorResolver.java:760) ~[spring-beans-5.1.7.RELEASE.jar:5.1.7.RELEASE]
	... 45 common frames omitted

]]></system-out>
    <system-err><![CDATA[Loading class `com.mysql.jdbc.Driver'. This is deprecated. The new driver class is `com.mysql.cj.jdbc.Driver'. The driver is automatically registered via the SPI and manual loading of the driver class is generally unnecessary.
]]></system-err>
  </testcase>
</testsuite>